
> frontend@0.1.0 start
> craco start

node:internal/modules/cjs/loader:1456
  const err = new Error(message);
              ^

Error: Cannot find module 'ajv/dist/compile/codegen'
Require stack:
- C:\Users\ioanp\OneDrive\Desktop\GJC CRM\frontend\node_modules\ajv-keywords\dist\definitions\typeof.js
- C:\Users\ioanp\OneDrive\Desktop\GJC CRM\frontend\node_modules\ajv-keywords\dist\keywords\typeof.js
- C:\Users\ioanp\OneDrive\Desktop\GJC CRM\frontend\node_modules\ajv-keywords\dist\keywords\index.js
- C:\Users\ioanp\OneDrive\Desktop\GJC CRM\frontend\node_modules\ajv-keywords\dist\index.js
- C:\Users\ioanp\OneDrive\Desktop\GJC CRM\frontend\node_modules\schema-utils\dist\validate.js
- C:\Users\ioanp\OneDrive\Desktop\GJC CRM\frontend\node_modules\schema-utils\dist\index.js
- C:\Users\ioanp\OneDrive\Desktop\GJC CRM\frontend\node_modules\terser-webpack-plugin\dist\index.js
- C:\Users\ioanp\OneDrive\Desktop\GJC CRM\frontend\node_modules\react-scripts\config\webpack.config.js
- C:\Users\ioanp\OneDrive\Desktop\GJC CRM\frontend\node_modules\@craco\craco\dist\lib\cra.js
- C:\Users\ioanp\OneDrive\Desktop\GJC CRM\frontend\node_modules\@craco\craco\dist\scripts\start.js
    at Module._resolveFilename (node:internal/modules/cjs/loader:1456:15)
    at defaultResolveImpl (node:internal/modules/cjs/loader:1066:19)
    at resolveForCJSWithHooks (node:internal/modules/cjs/loader:1071:22)
    at Module._load (node:internal/modules/cjs/loader:1242:25)
    at wrapModuleLoad (node:internal/modules/cjs/loader:255:19)
    at Module.require (node:internal/modules/cjs/loader:1556:12)
    at require (node:internal/modules/helpers:152:16)
    at Object.<anonymous> (C:\Users\ioanp\OneDrive\Desktop\GJC CRM\frontend\node_modules\ajv-keywords\dist\definitions\typeof.js:3:19)
    at Module._compile (node:internal/modules/cjs/loader:1812:14)
    at Object..js (node:internal/modules/cjs/loader:1943:10) {
  code: 'MODULE_NOT_FOUND',
  requireStack: [
    'C:\\Users\\ioanp\\OneDrive\\Desktop\\GJC CRM\\frontend\\node_modules\\ajv-keywords\\dist\\definitions\\typeof.js',
    'C:\\Users\\ioanp\\OneDrive\\Desktop\\GJC CRM\\frontend\\node_modules\\ajv-keywords\\dist\\keywords\\typeof.js',
    'C:\\Users\\ioanp\\OneDrive\\Desktop\\GJC CRM\\frontend\\node_modules\\ajv-keywords\\dist\\keywords\\index.js',
    'C:\\Users\\ioanp\\OneDrive\\Desktop\\GJC CRM\\frontend\\node_modules\\ajv-keywords\\dist\\index.js',
    'C:\\Users\\ioanp\\OneDrive\\Desktop\\GJC CRM\\frontend\\node_modules\\schema-utils\\dist\\validate.js',
    'C:\\Users\\ioanp\\OneDrive\\Desktop\\GJC CRM\\frontend\\node_modules\\schema-utils\\dist\\index.js',
    'C:\\Users\\ioanp\\OneDrive\\Desktop\\GJC CRM\\frontend\\node_modules\\terser-webpack-plugin\\dist\\index.js',
    'C:\\Users\\ioanp\\OneDrive\\Desktop\\GJC CRM\\frontend\\node_modules\\react-scripts\\config\\webpack.config.js',
    'C:\\Users\\ioanp\\OneDrive\\Desktop\\GJC CRM\\frontend\\node_modules\\@craco\\craco\\dist\\lib\\cra.js',
    'C:\\Users\\ioanp\\OneDrive\\Desktop\\GJC CRM\\frontend\\node_modules\\@craco\\craco\\dist\\scripts\\start.js'
  ]
}

Node.js v24.14.0
